<?xml version="1.0" encoding="UTF-8"?>
<!-- Generated by org.testng.reporters.JUnitXMLReporter -->
<testsuite ignored="0" hostname="natl-ch-dt-34" failures="0" tests="4" name="Default test" time="40.54" errors="0" timestamp="2024-08-09T18:33:38 IST">
  <testcase classname="TestScenarios.TestCases" name="userlogin" time="8.488"/>
  <testcase classname="TestScenarios.TestCases" name="menu" time="16.783"/>
  <testcase classname="TestScenarios.TestCases" name="productpage" time="0.748"/>
  <testcase classname="TestScenarios.TestCases" name="selectsize" time="1.135"/>
</testsuite> <!-- Default test -->
