<?xml version="1.0" encoding="UTF-8"?>
<testng-results ignored="0" total="4" passed="4" failed="0" skipped="0">
  <reporter-output>
  </reporter-output>
  <suite started-at="2024-08-09T18:32:57 IST" name="Default suite" finished-at="2024-08-09T18:33:38 IST" duration-ms="40540">
    <groups>
    </groups>
    <test started-at="2024-08-09T18:32:57 IST" name="Default test" finished-at="2024-08-09T18:33:38 IST" duration-ms="40540">
      <class name="TestScenarios.TestCases">
        <test-method is-config="true" signature="beforetest()[pri:0, instance:TestScenarios.TestCases@543295b0]" started-at="2024-08-09T18:32:57 IST" name="beforetest" finished-at="2024-08-09T18:33:11 IST" duration-ms="13139" status="PASS">
          <reporter-output>
          </reporter-output>
        </test-method> <!-- beforetest -->
        <test-method signature="userlogin()[pri:1, instance:TestScenarios.TestCases@543295b0]" started-at="2024-08-09T18:33:11 IST" name="userlogin" finished-at="2024-08-09T18:33:19 IST" duration-ms="8488" status="PASS">
          <reporter-output>
          </reporter-output>
        </test-method> <!-- userlogin -->
        <test-method signature="menu()[pri:2, instance:TestScenarios.TestCases@543295b0]" started-at="2024-08-09T18:33:19 IST" name="menu" finished-at="2024-08-09T18:33:36 IST" duration-ms="16783" status="PASS">
          <reporter-output>
          </reporter-output>
        </test-method> <!-- menu -->
        <test-method signature="productpage()[pri:3, instance:TestScenarios.TestCases@543295b0]" started-at="2024-08-09T18:33:36 IST" name="productpage" finished-at="2024-08-09T18:33:37 IST" duration-ms="748" status="PASS">
          <reporter-output>
          </reporter-output>
        </test-method> <!-- productpage -->
        <test-method signature="selectsize()[pri:4, instance:TestScenarios.TestCases@543295b0]" started-at="2024-08-09T18:33:37 IST" name="selectsize" finished-at="2024-08-09T18:33:38 IST" duration-ms="1135" status="PASS">
          <reporter-output>
          </reporter-output>
        </test-method> <!-- selectsize -->
      </class> <!-- TestScenarios.TestCases -->
    </test> <!-- Default test -->
  </suite> <!-- Default suite -->
</testng-results>
